<?xml version="1.0" encoding="UTF-8"?>
<robot generator="Robot 4.1.3 (Python 3.10.2 on win32)" generated="20220304 21:03:12.369" rpa="false" schemaversion="2">
<suite id="s1" name="Test" source="C:\Users\muro\PycharmProjects\RobotFramework\Automation\test.robot">
<test id="s1-t1" name=" Test 1">
<kw name="Open Browser" library="SeleniumLibrary">
<arg>https://www.trendyol.com/</arg>
<arg>chrome</arg>
<doc>Opens a new browser instance to the optional ``url``.</doc>
<msg timestamp="20220304 21:03:12.914" level="INFO">Opening browser 'chrome' to base url 'https://www.trendyol.com/'.</msg>
<status status="PASS" starttime="20220304 21:03:12.913" endtime="20220304 21:03:19.197"/>
</kw>
<kw name="Maximize Browser Window" library="SeleniumLibrary">
<doc>Maximizes current browser window.</doc>
<status status="PASS" starttime="20220304 21:03:19.199" endtime="20220304 21:03:19.339"/>
</kw>
<kw name="Sleep" library="BuiltIn">
<arg>2</arg>
<doc>Pauses the test executed for the given time.</doc>
<msg timestamp="20220304 21:03:21.347" level="INFO">Slept 2 seconds</msg>
<status status="PASS" starttime="20220304 21:03:19.340" endtime="20220304 21:03:21.347"/>
</kw>
<kw name="Click Element" library="SeleniumLibrary">
<arg>css=#country-selection &gt; div &gt; div &gt; div.country-selection__content &gt; div.country-select</arg>
<doc>Click the element identified by ``locator``.</doc>
<msg timestamp="20220304 21:03:21.349" level="INFO">Clicking element 'css=#country-selection &gt; div &gt; div &gt; div.country-selection__content &gt; div.country-select'.</msg>
<status status="PASS" starttime="20220304 21:03:21.348" endtime="20220304 21:03:21.466"/>
</kw>
<kw name="Sleep" library="BuiltIn">
<arg>2</arg>
<doc>Pauses the test executed for the given time.</doc>
<msg timestamp="20220304 21:03:23.482" level="INFO">Slept 2 seconds</msg>
<status status="PASS" starttime="20220304 21:03:21.468" endtime="20220304 21:03:23.482"/>
</kw>
<kw name="Click Element" library="SeleniumLibrary">
<arg>css=#country-selection &gt; div &gt; div &gt; div.country-selection__content &gt; div.country-select &gt; select &gt; option:nth-child(2)</arg>
<doc>Click the element identified by ``locator``.</doc>
<msg timestamp="20220304 21:03:23.484" level="INFO">Clicking element 'css=#country-selection &gt; div &gt; div &gt; div.country-selection__content &gt; div.country-select &gt; select &gt; option:nth-child(2)'.</msg>
<status status="PASS" starttime="20220304 21:03:23.483" endtime="20220304 21:03:23.556"/>
</kw>
<kw name="Sleep" library="BuiltIn">
<arg>2</arg>
<doc>Pauses the test executed for the given time.</doc>
<msg timestamp="20220304 21:03:25.569" level="INFO">Slept 2 seconds</msg>
<status status="PASS" starttime="20220304 21:03:23.558" endtime="20220304 21:03:25.570"/>
</kw>
<kw name="Click Element" library="SeleniumLibrary">
<arg>css=#country-selection &gt; div &gt; div &gt; div.country-selection__content &gt; div.country-actions &gt; button</arg>
<doc>Click the element identified by ``locator``.</doc>
<msg timestamp="20220304 21:03:25.573" level="INFO">Clicking element 'css=#country-selection &gt; div &gt; div &gt; div.country-selection__content &gt; div.country-actions &gt; button'.</msg>
<status status="PASS" starttime="20220304 21:03:25.572" endtime="20220304 21:03:28.800"/>
</kw>
<kw name="Sleep" library="BuiltIn">
<arg>2</arg>
<doc>Pauses the test executed for the given time.</doc>
<msg timestamp="20220304 21:03:30.809" level="INFO">Slept 2 seconds</msg>
<status status="PASS" starttime="20220304 21:03:28.801" endtime="20220304 21:03:30.810"/>
</kw>
<kw name="Click Element" library="SeleniumLibrary">
<arg>xpath=//*[@id="navigation-wrapper"]/nav/ul/li[9]/a</arg>
<doc>Click the element identified by ``locator``.</doc>
<msg timestamp="20220304 21:03:30.813" level="INFO">Clicking element 'xpath=//*[@id="navigation-wrapper"]/nav/ul/li[9]/a'.</msg>
<status status="PASS" starttime="20220304 21:03:30.812" endtime="20220304 21:03:33.579"/>
</kw>
<kw name="Sleep" library="BuiltIn">
<arg>2</arg>
<doc>Pauses the test executed for the given time.</doc>
<msg timestamp="20220304 21:03:35.590" level="INFO">Slept 2 seconds</msg>
<status status="PASS" starttime="20220304 21:03:33.580" endtime="20220304 21:03:35.590"/>
</kw>
<kw name="Page Should Contain" library="SeleniumLibrary">
<arg>Televizyon</arg>
<doc>Verifies that current page contains ``text``.</doc>
<msg timestamp="20220304 21:03:35.640" level="INFO">Current page contains text 'Televizyon'.</msg>
<status status="PASS" starttime="20220304 21:03:35.591" endtime="20220304 21:03:35.640"/>
</kw>
<kw name="Click Element" library="SeleniumLibrary">
<arg>xpath=//*[@id="browsing-gw-homepage"]/div/div[1]/div/div[2]/a[4]</arg>
<doc>Click the element identified by ``locator``.</doc>
<msg timestamp="20220304 21:03:35.641" level="INFO">Clicking element 'xpath=//*[@id="browsing-gw-homepage"]/div/div[1]/div/div[2]/a[4]'.</msg>
<status status="PASS" starttime="20220304 21:03:35.641" endtime="20220304 21:03:38.887"/>
</kw>
<kw name="Sleep" library="BuiltIn">
<arg>2</arg>
<doc>Pauses the test executed for the given time.</doc>
<msg timestamp="20220304 21:03:40.893" level="INFO">Slept 2 seconds</msg>
<status status="PASS" starttime="20220304 21:03:38.889" endtime="20220304 21:03:40.893"/>
</kw>
<kw name="Page Should Contain" library="SeleniumLibrary">
<arg>LG</arg>
<doc>Verifies that current page contains ``text``.</doc>
<msg timestamp="20220304 21:03:40.935" level="INFO">Current page contains text 'LG'.</msg>
<status status="PASS" starttime="20220304 21:03:40.894" endtime="20220304 21:03:40.935"/>
</kw>
<kw name="Click Element" library="SeleniumLibrary">
<arg>xpath=//*[@id="sticky"]/div/div[2]/div[2]/a[4]</arg>
<doc>Click the element identified by ``locator``.</doc>
<msg timestamp="20220304 21:03:40.937" level="INFO">Clicking element 'xpath=//*[@id="sticky"]/div/div[2]/div[2]/a[4]'.</msg>
<status status="PASS" starttime="20220304 21:03:40.936" endtime="20220304 21:03:41.295"/>
</kw>
<kw name="Sleep" library="BuiltIn">
<arg>2</arg>
<doc>Pauses the test executed for the given time.</doc>
<msg timestamp="20220304 21:03:43.311" level="INFO">Slept 2 seconds</msg>
<status status="PASS" starttime="20220304 21:03:41.299" endtime="20220304 21:03:43.311"/>
</kw>
<kw name="Page Should Contain" library="SeleniumLibrary">
<arg>LG OLED55C14 55</arg>
<doc>Verifies that current page contains ``text``.</doc>
<msg timestamp="20220304 21:03:43.346" level="INFO">Current page contains text 'LG OLED55C14 55'.</msg>
<status status="PASS" starttime="20220304 21:03:43.312" endtime="20220304 21:03:43.346"/>
</kw>
<kw name="Wait Until Element Is Visible" library="SeleniumLibrary">
<arg>css=#search-app &gt; div &gt; div.srch-rslt-cntnt &gt; div.srch-prdcts-cntnr &gt; div:nth-child(4) &gt; div &gt; div:nth-child(1) &gt; div.p-card-chldrn-cntnr &gt; a &gt; div.image-container &gt; div.image-overlay &gt; div.image-overlay-body</arg>
<doc>Waits until the element ``locator`` is visible.</doc>
<status status="PASS" starttime="20220304 21:03:43.347" endtime="20220304 21:03:43.388"/>
</kw>
<kw name="Sleep" library="BuiltIn">
<arg>3</arg>
<doc>Pauses the test executed for the given time.</doc>
<msg timestamp="20220304 21:03:46.389" level="INFO">Slept 3 seconds</msg>
<status status="PASS" starttime="20220304 21:03:43.389" endtime="20220304 21:03:46.389"/>
</kw>
<kw name="Click Element" library="SeleniumLibrary">
<arg>css=#search-app &gt; div &gt; div.srch-rslt-cntnt &gt; div.srch-prdcts-cntnr &gt; div:nth-child(4) &gt; div &gt; div:nth-child(1) &gt; div.p-card-chldrn-cntnr &gt; a &gt; div.image-container &gt; div.image-overlay &gt; div.image-overlay-body</arg>
<doc>Click the element identified by ``locator``.</doc>
<msg timestamp="20220304 21:03:46.391" level="INFO">Clicking element 'css=#search-app &gt; div &gt; div.srch-rslt-cntnt &gt; div.srch-prdcts-cntnr &gt; div:nth-child(4) &gt; div &gt; div:nth-child(1) &gt; div.p-card-chldrn-cntnr &gt; a &gt; div.image-container &gt; div.image-overlay &gt; div.image-overlay-body'.</msg>
<status status="PASS" starttime="20220304 21:03:46.390" endtime="20220304 21:03:46.715"/>
</kw>
<kw name="Sleep" library="BuiltIn">
<arg>3</arg>
<doc>Pauses the test executed for the given time.</doc>
<msg timestamp="20220304 21:03:49.734" level="INFO">Slept 3 seconds</msg>
<status status="PASS" starttime="20220304 21:03:46.718" endtime="20220304 21:03:49.734"/>
</kw>
<kw name="Switch Window" library="SeleniumLibrary">
<arg>title=LG OLED55C14 55" 139 Ekran Uydu Alıcılı 4K Ultra HD Smart OLED TV Fiyatı, Yorumları - TRENDYOL</arg>
<doc>Switches to browser window matching ``locator``.</doc>
<status status="PASS" starttime="20220304 21:03:49.736" endtime="20220304 21:03:52.963"/>
</kw>
<kw name="Click Element" library="SeleniumLibrary">
<arg>xpath=//*[@id="product-detail-app"]/div/div[2]/div[1]/div[2]/div[5]/button/div[1]</arg>
<doc>Click the element identified by ``locator``.</doc>
<msg timestamp="20220304 21:03:52.965" level="INFO">Clicking element 'xpath=//*[@id="product-detail-app"]/div/div[2]/div[1]/div[2]/div[5]/button/div[1]'.</msg>
<status status="PASS" starttime="20220304 21:03:52.964" endtime="20220304 21:03:53.462"/>
</kw>
<kw name="Sleep" library="BuiltIn">
<arg>18</arg>
<doc>Pauses the test executed for the given time.</doc>
<msg timestamp="20220304 21:04:11.478" level="INFO">Slept 18 seconds</msg>
<status status="PASS" starttime="20220304 21:03:53.463" endtime="20220304 21:04:11.478"/>
</kw>
<kw name="Close Browser" library="SeleniumLibrary">
<doc>Closes the current browser.</doc>
<status status="PASS" starttime="20220304 21:04:11.480" endtime="20220304 21:04:14.025"/>
</kw>
<status status="PASS" starttime="20220304 21:03:12.912" endtime="20220304 21:04:14.026"/>
</test>
<status status="PASS" starttime="20220304 21:03:12.374" endtime="20220304 21:04:14.030"/>
</suite>
<statistics>
<total>
<stat pass="1" fail="0" skip="0">All Tests</stat>
</total>
<tag>
</tag>
<suite>
<stat pass="1" fail="0" skip="0" id="s1" name="Test">Test</stat>
</suite>
</statistics>
<errors>
</errors>
</robot>
